;  LST file generated by mikroListExporter - v.2.0 
; Date/Time: 8/1/2023 6:30:38 PM
;----------------------------------------------

;Address Opcode 	ASM
0x0000	0x2829      	GOTO       41
_interrupt:
0x0004	0x00FF      	MOVWF      R15
0x0005	0x0E03      	SWAPF      STATUS, 0
0x0006	0x0183      	CLRF       STATUS
0x0007	0x00CE      	MOVWF      ___saveSTATUS
0x0008	0x080A      	MOVF       PCLATH, 0
0x0009	0x00CF      	MOVWF      ___savePCLATH
0x000A	0x018A      	CLRF       PCLATH
;traffic light code.c,19 :: 		void interrupt(){
;traffic light code.c,20 :: 		if(intf_bit==1){
0x000B	0x1C8B      	BTFSS      INTF_bit, BitPos(INTF_bit+0)
0x000C	0x280F      	GOTO       L_interrupt0
;traffic light code.c,21 :: 		intf_bit=0;
0x000D	0x108B      	BCF        INTF_bit, BitPos(INTF_bit+0)
;traffic light code.c,22 :: 		countinterrupt++;
0x000E	0x0AA1      	INCF       _countinterrupt, 1
;traffic light code.c,23 :: 		}
L_interrupt0:
;traffic light code.c,24 :: 		}
L_end_interrupt:
L__interrupt46:
0x000F	0x084F      	MOVF       ___savePCLATH, 0
0x0010	0x008A      	MOVWF      PCLATH
0x0011	0x0E4E      	SWAPF      ___saveSTATUS, 0
0x0012	0x0083      	MOVWF      STATUS
0x0013	0x0EFF      	SWAPF      R15, 1
0x0014	0x0E7F      	SWAPF      R15, 0
0x0015	0x0009      	RETFIE
; end of _interrupt
_____DoICP:
;__Lib_System.c,6 :: 		
;__Lib_System.c,9 :: 		
0x0016	0x1283      	BCF        STATUS, 5
0x0017	0x1303      	BCF        STATUS, 6
0x0018	0x084D      	MOVF       ___DoICPAddr+1, 0
0x0019	0x008A      	MOVWF      PCLATH
;__Lib_System.c,10 :: 		
0x001A	0x084C      	MOVF       ___DoICPAddr, 0
0x001B	0x0082      	MOVWF      PCL
;__Lib_System.c,12 :: 		
L_end_____DoICP:
0x001C	0x0008      	RETURN
; end of _____DoICP
___CC2DW:
;__Lib_System.c,134 :: 		
;__Lib_System.c,137 :: 		
_CC2D_Loop1:
;__Lib_System.c,139 :: 		
0x001D	0x2016      	CALL       _____DoICP
0x001E	0x118A      	BCF        PCLATH, 3
0x001F	0x120A      	BCF        PCLATH, 4
;__Lib_System.c,141 :: 		
0x0020	0x0080      	MOVWF      INDF
;__Lib_System.c,142 :: 		
0x0021	0x0A84      	INCF       FSR, 1
;__Lib_System.c,143 :: 		
0x0022	0x0ACC      	INCF       ___DoICPAddr, 1
;__Lib_System.c,145 :: 		
0x0023	0x1903      	BTFSC      STATUS, 2
;__Lib_System.c,146 :: 		
0x0024	0x0ACD      	INCF       ___DoICPAddr+1, 1
;__Lib_System.c,147 :: 		
0x0025	0x03F0      	DECF       R0, 1
;__Lib_System.c,149 :: 		
0x0026	0x1D03      	BTFSS      STATUS, 2
;__Lib_System.c,150 :: 		
0x0027	0x281D      	GOTO       _CC2D_Loop1
;__Lib_System.c,152 :: 		
L_end___CC2DW:
0x0028	0x0008      	RETURN
; end of ___CC2DW
_main:
0x0029	0x21E4      	CALL       484
;traffic light code.c,25 :: 		void main(){
;traffic light code.c,26 :: 		adcon1=7;             //to change porta from analog to digital
0x002A	0x3007      	MOVLW      7
0x002B	0x1683      	BSF        STATUS, 5
0x002C	0x1303      	BCF        STATUS, 6
0x002D	0x009F      	MOVWF      ADCON1
;traffic light code.c,27 :: 		trisb.b0=1;           //pin B0 is input
0x002E	0x1406      	BSF        TRISB, 0
;traffic light code.c,28 :: 		GIE_bit=1;            //Global activated
0x002F	0x178B      	BSF        GIE_bit, BitPos(GIE_bit+0)
;traffic light code.c,29 :: 		INTE_bit=1;          //interput enable bit activated
0x0030	0x160B      	BSF        INTE_bit, BitPos(INTE_bit+0)
;traffic light code.c,30 :: 		INTEDG_bit=0;       //pulldown(falling edage)
0x0031	0x1301      	BCF        INTEDG_bit, BitPos(INTEDG_bit+0)
;traffic light code.c,31 :: 		trisc=0;trisa=0;trisd=0;trisb.B6=0; trisb.B7=0;
0x0032	0x0187      	CLRF       TRISC
0x0033	0x0185      	CLRF       TRISA
0x0034	0x0188      	CLRF       TRISD
0x0035	0x1306      	BCF        TRISB, 6
0x0036	0x1386      	BCF        TRISB, 7
;traffic light code.c,32 :: 		trise.b1=0; trise.b2=0;
0x0037	0x1089      	BCF        TRISE, 1
0x0038	0x1109      	BCF        TRISE, 2
;traffic light code.c,33 :: 		portc=0;    portd=0;
0x0039	0x1283      	BCF        STATUS, 5
0x003A	0x0187      	CLRF       PORTC
0x003B	0x0188      	CLRF       PORTD
;traffic light code.c,34 :: 		portb.b6=0; portb.b7=0; porte.b1=0; porte.b2=0;
0x003C	0x1306      	BCF        PORTB, 6
0x003D	0x1386      	BCF        PORTB, 7
0x003E	0x1089      	BCF        PORTE, 1
0x003F	0x1109      	BCF        PORTE, 2
;traffic light code.c,35 :: 		porta.b0=0;porta.b1=0;porta.b2=0; porta.b3=1;porta.b4=1;porta.b5=1;
0x0040	0x1005      	BCF        PORTA, 0
0x0041	0x1085      	BCF        PORTA, 1
0x0042	0x1105      	BCF        PORTA, 2
0x0043	0x1585      	BSF        PORTA, 3
0x0044	0x1605      	BSF        PORTA, 4
0x0045	0x1685      	BSF        PORTA, 5
;traffic light code.c,36 :: 		while(1){
L_main1:
;traffic light code.c,38 :: 		while(portb.b1==0){
L_main3:
0x0046	0x1886      	BTFSC      PORTB, 1
0x0047	0x293D      	GOTO       L_main4
;traffic light code.c,39 :: 		for(counter1=0;counter1<=23;counter1++){
0x0048	0x01A2      	CLRF       _counter1
L_main5:
0x0049	0x3080      	MOVLW      128
0x004A	0x3A17      	XORLW      23
0x004B	0x00F0      	MOVWF      R0
0x004C	0x3080      	MOVLW      128
0x004D	0x0622      	XORWF      _counter1, 0
0x004E	0x0270      	SUBWF      R0, 0
0x004F	0x1C03      	BTFSS      STATUS, 0
0x0050	0x28C3      	GOTO       L_main6
;traffic light code.c,40 :: 		if(portb.b1==1)break;
0x0051	0x1C86      	BTFSS      PORTB, 1
0x0052	0x2854      	GOTO       L_main8
0x0053	0x28C3      	GOTO       L_main6
L_main8:
;traffic light code.c,41 :: 		porte.b1=porte.b2=1;      //2SSD for west  on
0x0054	0x1509      	BSF        PORTE, 2
0x0055	0x1909      	BTFSC      PORTE, 2
0x0056	0x2859      	GOTO       L__main48
0x0057	0x1089      	BCF        PORTE, 1
0x0058	0x285A      	GOTO       L__main49
L__main48:
0x0059	0x1489      	BSF        PORTE, 1
L__main49:
;traffic light code.c,42 :: 		portb.b6=portb.b7=1;      //2SSD for south on
0x005A	0x1786      	BSF        PORTB, 7
0x005B	0x1B86      	BTFSC      PORTB, 7
0x005C	0x285F      	GOTO       L__main50
0x005D	0x1306      	BCF        PORTB, 6
0x005E	0x2860      	GOTO       L__main51
L__main50:
0x005F	0x1706      	BSF        PORTB, 6
L__main51:
;traffic light code.c,43 :: 		portc=count23[counter1];
0x0060	0x0822      	MOVF       _counter1, 0
0x0061	0x3E23      	ADDLW      _count23
0x0062	0x0084      	MOVWF      FSR
0x0063	0x0800      	MOVF       INDF, 0
0x0064	0x0087      	MOVWF      PORTC
;traffic light code.c,44 :: 		portd=count23[counter1+3];
0x0065	0x3003      	MOVLW      3
0x0066	0x0722      	ADDWF      _counter1, 0
0x0067	0x00F0      	MOVWF      R0
0x0068	0x3000      	MOVLW      0
0x0069	0x1BA2      	BTFSC      _counter1, 7
0x006A	0x30FF      	MOVLW      255
0x006B	0x00F1      	MOVWF      R0+1
0x006C	0x1803      	BTFSC      STATUS, 0
0x006D	0x0AF1      	INCF       R0+1, 1
0x006E	0x0870      	MOVF       R0, 0
0x006F	0x3E23      	ADDLW      _count23
0x0070	0x0084      	MOVWF      FSR
0x0071	0x0800      	MOVF       INDF, 0
0x0072	0x0088      	MOVWF      PORTD
;traffic light code.c,45 :: 		porta.b5=1;     //Green SOUTH Off
0x0073	0x1685      	BSF        PORTA, 5
;traffic light code.c,46 :: 		porta.b4=1;    //Yellow south off
0x0074	0x1605      	BSF        PORTA, 4
;traffic light code.c,47 :: 		porta.b0=0;    //Red west off
0x0075	0x1005      	BCF        PORTA, 0
;traffic light code.c,48 :: 		porta.B3=1;      //red south off
0x0076	0x1585      	BSF        PORTA, 3
;traffic light code.c,49 :: 		porta.b1=0;    //yellow west off
0x0077	0x1085      	BCF        PORTA, 1
;traffic light code.c,50 :: 		porta.b0=1;     //RED WEST ON
0x0078	0x1405      	BSF        PORTA, 0
;traffic light code.c,51 :: 		porta.b5=0;     //Green SOUTH ON
0x0079	0x1285      	BCF        PORTA, 5
;traffic light code.c,52 :: 		delay_ms(1000);
0x007A	0x300B      	MOVLW      11
0x007B	0x00FB      	MOVWF      R11
0x007C	0x3026      	MOVLW      38
0x007D	0x00FC      	MOVWF      R12
0x007E	0x305D      	MOVLW      93
0x007F	0x00FD      	MOVWF      R13
L_main9:
0x0080	0x0BFD      	DECFSZ     R13, 1
0x0081	0x2880      	GOTO       L_main9
0x0082	0x0BFC      	DECFSZ     R12, 1
0x0083	0x2880      	GOTO       L_main9
0x0084	0x0BFB      	DECFSZ     R11, 1
0x0085	0x2880      	GOTO       L_main9
0x0086	0x0000      	NOP
0x0087	0x0000      	NOP
;traffic light code.c,53 :: 		if(portd==0){
0x0088	0x0808      	MOVF       PORTD, 0
0x0089	0x3A00      	XORLW      0
0x008A	0x1D03      	BTFSS      STATUS, 2
0x008B	0x28C1      	GOTO       L_main10
;traffic light code.c,54 :: 		while(counter1<=23){
L_main11:
0x008C	0x3080      	MOVLW      128
0x008D	0x3A17      	XORLW      23
0x008E	0x00F0      	MOVWF      R0
0x008F	0x3080      	MOVLW      128
0x0090	0x0622      	XORWF      _counter1, 0
0x0091	0x0270      	SUBWF      R0, 0
0x0092	0x1C03      	BTFSS      STATUS, 0
0x0093	0x28C1      	GOTO       L_main12
;traffic light code.c,55 :: 		if(portb.b1==1){porta.b5=0;break;}
0x0094	0x1C86      	BTFSS      PORTB, 1
0x0095	0x2898      	GOTO       L_main13
0x0096	0x1285      	BCF        PORTA, 5
0x0097	0x28C1      	GOTO       L_main12
L_main13:
;traffic light code.c,56 :: 		portc=count23[counter1];
0x0098	0x0822      	MOVF       _counter1, 0
0x0099	0x3E23      	ADDLW      _count23
0x009A	0x00F0      	MOVWF      R0
0x009B	0x0870      	MOVF       R0, 0
0x009C	0x0084      	MOVWF      FSR
0x009D	0x0800      	MOVF       INDF, 0
0x009E	0x0087      	MOVWF      PORTC
;traffic light code.c,57 :: 		portd=count23[counter1];
0x009F	0x0870      	MOVF       R0, 0
0x00A0	0x0084      	MOVWF      FSR
0x00A1	0x0800      	MOVF       INDF, 0
0x00A2	0x0088      	MOVWF      PORTD
;traffic light code.c,58 :: 		porta.b5=1;   //green south off
0x00A3	0x1685      	BSF        PORTA, 5
;traffic light code.c,59 :: 		porta.b4=0;   //yellow south on
0x00A4	0x1205      	BCF        PORTA, 4
;traffic light code.c,60 :: 		delay_ms(1000);
0x00A5	0x300B      	MOVLW      11
0x00A6	0x00FB      	MOVWF      R11
0x00A7	0x3026      	MOVLW      38
0x00A8	0x00FC      	MOVWF      R12
0x00A9	0x305D      	MOVLW      93
0x00AA	0x00FD      	MOVWF      R13
L_main14:
0x00AB	0x0BFD      	DECFSZ     R13, 1
0x00AC	0x28AB      	GOTO       L_main14
0x00AD	0x0BFC      	DECFSZ     R12, 1
0x00AE	0x28AB      	GOTO       L_main14
0x00AF	0x0BFB      	DECFSZ     R11, 1
0x00B0	0x28AB      	GOTO       L_main14
0x00B1	0x0000      	NOP
0x00B2	0x0000      	NOP
;traffic light code.c,61 :: 		counter1++;
0x00B3	0x0AA2      	INCF       _counter1, 1
;traffic light code.c,62 :: 		if(portc==0&&portd==0){
0x00B4	0x0807      	MOVF       PORTC, 0
0x00B5	0x3A00      	XORLW      0
0x00B6	0x1D03      	BTFSS      STATUS, 2
0x00B7	0x28C0      	GOTO       L_main17
0x00B8	0x0808      	MOVF       PORTD, 0
0x00B9	0x3A00      	XORLW      0
0x00BA	0x1D03      	BTFSS      STATUS, 2
0x00BB	0x28C0      	GOTO       L_main17
L__main44:
;traffic light code.c,63 :: 		portb.b1=1;
0x00BC	0x1486      	BSF        PORTB, 1
;traffic light code.c,64 :: 		porta.b4=1;   //yellow south off
0x00BD	0x1605      	BSF        PORTA, 4
;traffic light code.c,65 :: 		porta.b0=0;    //red west off
0x00BE	0x1005      	BCF        PORTA, 0
;traffic light code.c,66 :: 		portb.b1=1;       //to out of the loop
0x00BF	0x1486      	BSF        PORTB, 1
;traffic light code.c,67 :: 		}
L_main17:
;traffic light code.c,68 :: 		}
0x00C0	0x288C      	GOTO       L_main11
L_main12:
;traffic light code.c,69 :: 		}
L_main10:
;traffic light code.c,39 :: 		for(counter1=0;counter1<=23;counter1++){
0x00C1	0x0AA2      	INCF       _counter1, 1
;traffic light code.c,70 :: 		}
0x00C2	0x2849      	GOTO       L_main5
L_main6:
;traffic light code.c,71 :: 		for(counter2=0;counter2<=15;counter2++){
0x00C3	0x01CB      	CLRF       _counter2
L_main18:
0x00C4	0x3080      	MOVLW      128
0x00C5	0x3A0F      	XORLW      15
0x00C6	0x00F0      	MOVWF      R0
0x00C7	0x3080      	MOVLW      128
0x00C8	0x064B      	XORWF      _counter2, 0
0x00C9	0x0270      	SUBWF      R0, 0
0x00CA	0x1C03      	BTFSS      STATUS, 0
0x00CB	0x293C      	GOTO       L_main19
;traffic light code.c,72 :: 		if(portb.b1==1)break;
0x00CC	0x1C86      	BTFSS      PORTB, 1
0x00CD	0x28CF      	GOTO       L_main21
0x00CE	0x293C      	GOTO       L_main19
L_main21:
;traffic light code.c,73 :: 		porte.B1=porte.b2=0;
0x00CF	0x1109      	BCF        PORTE, 2
0x00D0	0x1909      	BTFSC      PORTE, 2
0x00D1	0x28D4      	GOTO       L__main52
0x00D2	0x1089      	BCF        PORTE, 1
0x00D3	0x28D5      	GOTO       L__main53
L__main52:
0x00D4	0x1489      	BSF        PORTE, 1
L__main53:
;traffic light code.c,74 :: 		portb.B6=portb.b7=0;
0x00D5	0x1386      	BCF        PORTB, 7
0x00D6	0x1B86      	BTFSC      PORTB, 7
0x00D7	0x28DA      	GOTO       L__main54
0x00D8	0x1306      	BCF        PORTB, 6
0x00D9	0x28DB      	GOTO       L__main55
L__main54:
0x00DA	0x1706      	BSF        PORTB, 6
L__main55:
;traffic light code.c,75 :: 		porta.b0=0;    //red west off
0x00DB	0x1005      	BCF        PORTA, 0
;traffic light code.c,76 :: 		porta.b4=1;      //yellow south off
0x00DC	0x1605      	BSF        PORTA, 4
;traffic light code.c,77 :: 		porte.B1=porte.b2=1;
0x00DD	0x1509      	BSF        PORTE, 2
0x00DE	0x1909      	BTFSC      PORTE, 2
0x00DF	0x28E2      	GOTO       L__main56
0x00E0	0x1089      	BCF        PORTE, 1
0x00E1	0x28E3      	GOTO       L__main57
L__main56:
0x00E2	0x1489      	BSF        PORTE, 1
L__main57:
;traffic light code.c,78 :: 		portb.B6=portb.b7=1;
0x00E3	0x1786      	BSF        PORTB, 7
0x00E4	0x1B86      	BTFSC      PORTB, 7
0x00E5	0x28E8      	GOTO       L__main58
0x00E6	0x1306      	BCF        PORTB, 6
0x00E7	0x28E9      	GOTO       L__main59
L__main58:
0x00E8	0x1706      	BSF        PORTB, 6
L__main59:
;traffic light code.c,79 :: 		porta.b5=1;       //Green south off
0x00E9	0x1685      	BSF        PORTA, 5
;traffic light code.c,80 :: 		portc=count15[counter2];
0x00EA	0x084B      	MOVF       _counter2, 0
0x00EB	0x3E3B      	ADDLW      _count15
0x00EC	0x0084      	MOVWF      FSR
0x00ED	0x0800      	MOVF       INDF, 0
0x00EE	0x0087      	MOVWF      PORTC
;traffic light code.c,81 :: 		portd=count15[counter2+3];
0x00EF	0x3003      	MOVLW      3
0x00F0	0x074B      	ADDWF      _counter2, 0
0x00F1	0x00F0      	MOVWF      R0
0x00F2	0x3000      	MOVLW      0
0x00F3	0x1BCB      	BTFSC      _counter2, 7
0x00F4	0x30FF      	MOVLW      255
0x00F5	0x00F1      	MOVWF      R0+1
0x00F6	0x1803      	BTFSC      STATUS, 0
0x00F7	0x0AF1      	INCF       R0+1, 1
0x00F8	0x0870      	MOVF       R0, 0
0x00F9	0x3E3B      	ADDLW      _count15
0x00FA	0x0084      	MOVWF      FSR
0x00FB	0x0800      	MOVF       INDF, 0
0x00FC	0x0088      	MOVWF      PORTD
;traffic light code.c,82 :: 		porta.B3=0;     //red south on
0x00FD	0x1185      	BCF        PORTA, 3
;traffic light code.c,83 :: 		porta.B2=1;    //green west on
0x00FE	0x1505      	BSF        PORTA, 2
;traffic light code.c,84 :: 		delay_ms(1000);
0x00FF	0x300B      	MOVLW      11
0x0100	0x00FB      	MOVWF      R11
0x0101	0x3026      	MOVLW      38
0x0102	0x00FC      	MOVWF      R12
0x0103	0x305D      	MOVLW      93
0x0104	0x00FD      	MOVWF      R13
L_main22:
0x0105	0x0BFD      	DECFSZ     R13, 1
0x0106	0x2905      	GOTO       L_main22
0x0107	0x0BFC      	DECFSZ     R12, 1
0x0108	0x2905      	GOTO       L_main22
0x0109	0x0BFB      	DECFSZ     R11, 1
0x010A	0x2905      	GOTO       L_main22
0x010B	0x0000      	NOP
0x010C	0x0000      	NOP
;traffic light code.c,85 :: 		if(portd==0){
0x010D	0x0808      	MOVF       PORTD, 0
0x010E	0x3A00      	XORLW      0
0x010F	0x1D03      	BTFSS      STATUS, 2
0x0110	0x293A      	GOTO       L_main23
;traffic light code.c,86 :: 		while(counter2<=15){
L_main24:
0x0111	0x3080      	MOVLW      128
0x0112	0x3A0F      	XORLW      15
0x0113	0x00F0      	MOVWF      R0
0x0114	0x3080      	MOVLW      128
0x0115	0x064B      	XORWF      _counter2, 0
0x0116	0x0270      	SUBWF      R0, 0
0x0117	0x1C03      	BTFSS      STATUS, 0
0x0118	0x293A      	GOTO       L_main25
;traffic light code.c,87 :: 		if(portb.b1==1){porta.b2=1;break;}
0x0119	0x1C86      	BTFSS      PORTB, 1
0x011A	0x291D      	GOTO       L_main26
0x011B	0x1505      	BSF        PORTA, 2
0x011C	0x293A      	GOTO       L_main25
L_main26:
;traffic light code.c,88 :: 		portc=count15[counter2];
0x011D	0x084B      	MOVF       _counter2, 0
0x011E	0x3E3B      	ADDLW      _count15
0x011F	0x00F0      	MOVWF      R0
0x0120	0x0870      	MOVF       R0, 0
0x0121	0x0084      	MOVWF      FSR
0x0122	0x0800      	MOVF       INDF, 0
0x0123	0x0087      	MOVWF      PORTC
;traffic light code.c,89 :: 		portd=count15[counter2];
0x0124	0x0870      	MOVF       R0, 0
0x0125	0x0084      	MOVWF      FSR
0x0126	0x0800      	MOVF       INDF, 0
0x0127	0x0088      	MOVWF      PORTD
;traffic light code.c,90 :: 		porta.B2=0;    //green west off
0x0128	0x1105      	BCF        PORTA, 2
;traffic light code.c,91 :: 		porta.b1=1;    //yellow west on
0x0129	0x1485      	BSF        PORTA, 1
;traffic light code.c,92 :: 		counter2++;
0x012A	0x0ACB      	INCF       _counter2, 1
;traffic light code.c,93 :: 		delay_ms(1000);
0x012B	0x300B      	MOVLW      11
0x012C	0x00FB      	MOVWF      R11
0x012D	0x3026      	MOVLW      38
0x012E	0x00FC      	MOVWF      R12
0x012F	0x305D      	MOVLW      93
0x0130	0x00FD      	MOVWF      R13
L_main27:
0x0131	0x0BFD      	DECFSZ     R13, 1
0x0132	0x2931      	GOTO       L_main27
0x0133	0x0BFC      	DECFSZ     R12, 1
0x0134	0x2931      	GOTO       L_main27
0x0135	0x0BFB      	DECFSZ     R11, 1
0x0136	0x2931      	GOTO       L_main27
0x0137	0x0000      	NOP
0x0138	0x0000      	NOP
;traffic light code.c,94 :: 		}
0x0139	0x2911      	GOTO       L_main24
L_main25:
;traffic light code.c,95 :: 		}
L_main23:
;traffic light code.c,71 :: 		for(counter2=0;counter2<=15;counter2++){
0x013A	0x0ACB      	INCF       _counter2, 1
;traffic light code.c,96 :: 		}
0x013B	0x28C4      	GOTO       L_main18
L_main19:
;traffic light code.c,97 :: 		}
0x013C	0x2846      	GOTO       L_main3
L_main4:
;traffic light code.c,98 :: 		while(portb.b1==1){
L_main28:
0x013D	0x1C86      	BTFSS      PORTB, 1
0x013E	0x29B0      	GOTO       L_main29
;traffic light code.c,99 :: 		portc=0;     portd=0;
0x013F	0x0187      	CLRF       PORTC
0x0140	0x0188      	CLRF       PORTD
;traffic light code.c,101 :: 		if(countinterrupt==1){
0x0141	0x0821      	MOVF       _countinterrupt, 0
0x0142	0x3A01      	XORLW      1
0x0143	0x1D03      	BTFSS      STATUS, 2
0x0144	0x294B      	GOTO       L_main30
;traffic light code.c,102 :: 		porta.B3=1;     //red south off
0x0145	0x1585      	BSF        PORTA, 3
;traffic light code.c,103 :: 		porta.b4=1;     //yellow south off
0x0146	0x1605      	BSF        PORTA, 4
;traffic light code.c,104 :: 		porta.b5=0;     //green south on
0x0147	0x1285      	BCF        PORTA, 5
;traffic light code.c,105 :: 		porta.b0=1;     //red   west on
0x0148	0x1405      	BSF        PORTA, 0
;traffic light code.c,106 :: 		porta.b1=0;     //yellow west off
0x0149	0x1085      	BCF        PORTA, 1
;traffic light code.c,107 :: 		porta.B2=0;     //green west off
0x014A	0x1105      	BCF        PORTA, 2
;traffic light code.c,108 :: 		}
L_main30:
;traffic light code.c,109 :: 		if(countinterrupt==2){
0x014B	0x0821      	MOVF       _countinterrupt, 0
0x014C	0x3A02      	XORLW      2
0x014D	0x1D03      	BTFSS      STATUS, 2
0x014E	0x2977      	GOTO       L_main31
;traffic light code.c,110 :: 		for(counteryellow=3;counteryellow>=0;counteryellow--){
0x014F	0x3003      	MOVLW      3
0x0150	0x00A0      	MOVWF      _counteryellow
L_main32:
0x0151	0x3080      	MOVLW      128
0x0152	0x0620      	XORWF      _counteryellow, 0
0x0153	0x00F0      	MOVWF      R0
0x0154	0x3080      	MOVLW      128
0x0155	0x3A00      	XORLW      0
0x0156	0x0270      	SUBWF      R0, 0
0x0157	0x1C03      	BTFSS      STATUS, 0
0x0158	0x2977      	GOTO       L_main33
;traffic light code.c,111 :: 		if(counteryellow==0){
0x0159	0x0820      	MOVF       _counteryellow, 0
0x015A	0x3A00      	XORLW      0
0x015B	0x1D03      	BTFSS      STATUS, 2
0x015C	0x2962      	GOTO       L_main35
;traffic light code.c,112 :: 		counteryellow=3; countinterrupt=3; break;}
0x015D	0x3003      	MOVLW      3
0x015E	0x00A0      	MOVWF      _counteryellow
0x015F	0x3003      	MOVLW      3
0x0160	0x00A1      	MOVWF      _countinterrupt
0x0161	0x2977      	GOTO       L_main33
L_main35:
;traffic light code.c,113 :: 		porta.b5=1;    //green south off
0x0162	0x1685      	BSF        PORTA, 5
;traffic light code.c,114 :: 		porta.b4=0;    //yellow south on
0x0163	0x1205      	BCF        PORTA, 4
;traffic light code.c,115 :: 		portb.b6=1;
0x0164	0x1706      	BSF        PORTB, 6
;traffic light code.c,116 :: 		portd=counteryellow;
0x0165	0x0820      	MOVF       _counteryellow, 0
0x0166	0x0088      	MOVWF      PORTD
;traffic light code.c,117 :: 		delay_ms(1000);
0x0167	0x300B      	MOVLW      11
0x0168	0x00FB      	MOVWF      R11
0x0169	0x3026      	MOVLW      38
0x016A	0x00FC      	MOVWF      R12
0x016B	0x305D      	MOVLW      93
0x016C	0x00FD      	MOVWF      R13
L_main36:
0x016D	0x0BFD      	DECFSZ     R13, 1
0x016E	0x296D      	GOTO       L_main36
0x016F	0x0BFC      	DECFSZ     R12, 1
0x0170	0x296D      	GOTO       L_main36
0x0171	0x0BFB      	DECFSZ     R11, 1
0x0172	0x296D      	GOTO       L_main36
0x0173	0x0000      	NOP
0x0174	0x0000      	NOP
;traffic light code.c,110 :: 		for(counteryellow=3;counteryellow>=0;counteryellow--){
0x0175	0x03A0      	DECF       _counteryellow, 1
;traffic light code.c,118 :: 		}
0x0176	0x2951      	GOTO       L_main32
L_main33:
;traffic light code.c,119 :: 		}
L_main31:
;traffic light code.c,120 :: 		if(countinterrupt==3){
0x0177	0x0821      	MOVF       _countinterrupt, 0
0x0178	0x3A03      	XORLW      3
0x0179	0x1D03      	BTFSS      STATUS, 2
0x017A	0x297F      	GOTO       L_main37
;traffic light code.c,121 :: 		porta.b4=1;    //yellow south off
0x017B	0x1605      	BSF        PORTA, 4
;traffic light code.c,122 :: 		porta.b0=0;     // red west off
0x017C	0x1005      	BCF        PORTA, 0
;traffic light code.c,123 :: 		porta.b2=1;     //Green west on
0x017D	0x1505      	BSF        PORTA, 2
;traffic light code.c,124 :: 		porta.b3=0;     //Red south on
0x017E	0x1185      	BCF        PORTA, 3
;traffic light code.c,125 :: 		}
L_main37:
;traffic light code.c,126 :: 		if(countinterrupt==4){
0x017F	0x0821      	MOVF       _countinterrupt, 0
0x0180	0x3A04      	XORLW      4
0x0181	0x1D03      	BTFSS      STATUS, 2
0x0182	0x29AF      	GOTO       L_main38
;traffic light code.c,127 :: 		for(counteryellow=3;counteryellow>=0;counteryellow--){
0x0183	0x3003      	MOVLW      3
0x0184	0x00A0      	MOVWF      _counteryellow
L_main39:
0x0185	0x3080      	MOVLW      128
0x0186	0x0620      	XORWF      _counteryellow, 0
0x0187	0x00F0      	MOVWF      R0
0x0188	0x3080      	MOVLW      128
0x0189	0x3A00      	XORLW      0
0x018A	0x0270      	SUBWF      R0, 0
0x018B	0x1C03      	BTFSS      STATUS, 0
0x018C	0x29A9      	GOTO       L_main40
;traffic light code.c,128 :: 		if (counteryellow==0){counteryellow=3;  break;}
0x018D	0x0820      	MOVF       _counteryellow, 0
0x018E	0x3A00      	XORLW      0
0x018F	0x1D03      	BTFSS      STATUS, 2
0x0190	0x2994      	GOTO       L_main42
0x0191	0x3003      	MOVLW      3
0x0192	0x00A0      	MOVWF      _counteryellow
0x0193	0x29A9      	GOTO       L_main40
L_main42:
;traffic light code.c,129 :: 		porta.b2=0;     //green west off
0x0194	0x1105      	BCF        PORTA, 2
;traffic light code.c,130 :: 		porta.b1=1;     //yellow west on
0x0195	0x1485      	BSF        PORTA, 1
;traffic light code.c,131 :: 		porte.b1=1;     //first  7 seg. right is on
0x0196	0x1489      	BSF        PORTE, 1
;traffic light code.c,132 :: 		portc=counteryellow;
0x0197	0x0820      	MOVF       _counteryellow, 0
0x0198	0x0087      	MOVWF      PORTC
;traffic light code.c,133 :: 		delay_ms(1000);
0x0199	0x300B      	MOVLW      11
0x019A	0x00FB      	MOVWF      R11
0x019B	0x3026      	MOVLW      38
0x019C	0x00FC      	MOVWF      R12
0x019D	0x305D      	MOVLW      93
0x019E	0x00FD      	MOVWF      R13
L_main43:
0x019F	0x0BFD      	DECFSZ     R13, 1
0x01A0	0x299F      	GOTO       L_main43
0x01A1	0x0BFC      	DECFSZ     R12, 1
0x01A2	0x299F      	GOTO       L_main43
0x01A3	0x0BFB      	DECFSZ     R11, 1
0x01A4	0x299F      	GOTO       L_main43
0x01A5	0x0000      	NOP
0x01A6	0x0000      	NOP
;traffic light code.c,127 :: 		for(counteryellow=3;counteryellow>=0;counteryellow--){
0x01A7	0x03A0      	DECF       _counteryellow, 1
;traffic light code.c,134 :: 		}
0x01A8	0x2985      	GOTO       L_main39
L_main40:
;traffic light code.c,135 :: 		porta.b1=0;       //yellow west off
0x01A9	0x1085      	BCF        PORTA, 1
;traffic light code.c,136 :: 		porta.b0=1;      //red west on
0x01AA	0x1405      	BSF        PORTA, 0
;traffic light code.c,137 :: 		porta.B3=1;    //red south off
0x01AB	0x1585      	BSF        PORTA, 3
;traffic light code.c,138 :: 		porta.B5=0;   //green south on
0x01AC	0x1285      	BCF        PORTA, 5
;traffic light code.c,139 :: 		countinterrupt=1;
0x01AD	0x3001      	MOVLW      1
0x01AE	0x00A1      	MOVWF      _countinterrupt
;traffic light code.c,140 :: 		}
L_main38:
;traffic light code.c,141 :: 		}
0x01AF	0x293D      	GOTO       L_main28
L_main29:
;traffic light code.c,142 :: 		}
0x01B0	0x2846      	GOTO       L_main1
;traffic light code.c,143 :: 		}
L_end_main:
0x01B1	0x29B1      	GOTO       $+0
; end of _main
0x01E4	0x3020      	MOVLW      32
0x01E5	0x0084      	MOVWF      FSR
0x01E6	0x302C      	MOVLW      44
0x01E7	0x1283      	BCF        STATUS, 5
0x01E8	0x1303      	BCF        STATUS, 6
0x01E9	0x00F0      	MOVWF      R0
0x01EA	0x30B7      	MOVLW      183
0x01EB	0x00CC      	MOVWF      ___DoICPAddr
0x01EC	0x3001      	MOVLW      1
0x01ED	0x00CD      	MOVWF      77
0x01EE	0x201D      	CALL       29
0x01EF	0x0008      	RETURN
;traffic light code.c,0 :: ?ICS_counteryellow
0x01B7	0x3403 ;?ICS_counteryellow+0
; end of ?ICS_counteryellow
;traffic light code.c,0 :: ?ICS_countinterrupt
0x01B8	0x3400 ;?ICS_countinterrupt+0
; end of ?ICS_countinterrupt
;traffic light code.c,0 :: ?ICS_counter1
0x01B9	0x3400 ;?ICS_counter1+0
; end of ?ICS_counter1
;traffic light code.c,0 :: ?ICS_count23
0x01BA	0x3423 ;?ICS_count23+0
0x01BB	0x3422 ;?ICS_count23+1
0x01BC	0x3421 ;?ICS_count23+2
0x01BD	0x3420 ;?ICS_count23+3
0x01BE	0x3419 ;?ICS_count23+4
0x01BF	0x3418 ;?ICS_count23+5
0x01C0	0x3417 ;?ICS_count23+6
0x01C1	0x3416 ;?ICS_count23+7
0x01C2	0x3415 ;?ICS_count23+8
0x01C3	0x3414 ;?ICS_count23+9
0x01C4	0x3413 ;?ICS_count23+10
0x01C5	0x3412 ;?ICS_count23+11
0x01C6	0x3411 ;?ICS_count23+12
0x01C7	0x3410 ;?ICS_count23+13
0x01C8	0x3409 ;?ICS_count23+14
0x01C9	0x3408 ;?ICS_count23+15
0x01CA	0x3407 ;?ICS_count23+16
0x01CB	0x3406 ;?ICS_count23+17
0x01CC	0x3405 ;?ICS_count23+18
0x01CD	0x3404 ;?ICS_count23+19
0x01CE	0x3403 ;?ICS_count23+20
0x01CF	0x3402 ;?ICS_count23+21
0x01D0	0x3401 ;?ICS_count23+22
0x01D1	0x3400 ;?ICS_count23+23
; end of ?ICS_count23
;traffic light code.c,0 :: ?ICS_count15
0x01D2	0x3415 ;?ICS_count15+0
0x01D3	0x3414 ;?ICS_count15+1
0x01D4	0x3413 ;?ICS_count15+2
0x01D5	0x3412 ;?ICS_count15+3
0x01D6	0x3411 ;?ICS_count15+4
0x01D7	0x3410 ;?ICS_count15+5
0x01D8	0x3409 ;?ICS_count15+6
0x01D9	0x3408 ;?ICS_count15+7
0x01DA	0x3407 ;?ICS_count15+8
0x01DB	0x3406 ;?ICS_count15+9
0x01DC	0x3405 ;?ICS_count15+10
0x01DD	0x3404 ;?ICS_count15+11
0x01DE	0x3403 ;?ICS_count15+12
0x01DF	0x3402 ;?ICS_count15+13
0x01E0	0x3401 ;?ICS_count15+14
0x01E1	0x3400 ;?ICS_count15+15
; end of ?ICS_count15
;traffic light code.c,0 :: ?ICS_counter2
0x01E2	0x3400 ;?ICS_counter2+0
; end of ?ICS_counter2
Symbol List:
//** Routines locations **
//ADDRESS    SIZE    PROCEDURE
//----------------------------------------------
0x0004      [18]    _interrupt
0x0016       [7]    _____DoICP
0x001D      [12]    ___CC2DW
0x0029     [392]    _main
//** Variables locations ** 
//ADDRESS    SIZE    VARIABLE
//----------------------------------------------
0x0000       [1]    INDF
0x0002       [1]    PCL
0x0003       [1]    STATUS
0x0004       [1]    FSR
0x0005       [1]    PORTA
0x0006       [1]    PORTB
0x0007       [1]    PORTC
0x0008       [1]    PORTD
0x0009       [1]    PORTE
0x000A       [1]    PCLATH
0x000B       [0]    GIE_bit
0x000B       [0]    INTE_bit
0x000B       [0]    INTF_bit
0x0020       [1]    _counteryellow
0x0021       [1]    _countinterrupt
0x0022       [1]    _counter1
0x0023      [24]    _count23
0x003B      [16]    _count15
0x004B       [1]    _counter2
0x004C       [2]    ___DoICPAddr
0x004E       [1]    ___saveSTATUS
0x004F       [1]    ___savePCLATH
0x0070       [1]    R0
0x0071       [1]    R1
0x0072       [1]    R2
0x0073       [1]    R3
0x0074       [1]    R4
0x0075       [1]    R5
0x0076       [1]    R6
0x0077       [1]    R7
0x0078       [1]    R8
0x0079       [1]    R9
0x007A       [1]    R10
0x007B       [1]    R11
0x007C       [1]    R12
0x007D       [1]    R13
0x007E       [1]    R14
0x007F       [1]    R15
0x0081       [0]    INTEDG_bit
0x0085       [1]    TRISA
0x0086       [1]    TRISB
0x0087       [1]    TRISC
0x0088       [1]    TRISD
0x0089       [1]    TRISE
0x009F       [1]    ADCON1
//** Constants locations ** 
//ADDRESS    SIZE    CONSTANT
//----------------------------------------------
0x01B7       [1]    ?ICS_counteryellow
0x01B8       [1]    ?ICS_countinterrupt
0x01B9       [1]    ?ICS_counter1
0x01BA      [24]    ?ICS_count23
0x01D2      [16]    ?ICS_count15
0x01E2       [1]    ?ICS_counter2
//** Label List: ** 
//----------------------------------------------
  L_interrupt0
  L_main1
  L_main2
  L_main3
  L_main4
  L_main5
  L_main6
  L_main7
  L_main8
  L_main9
  L_main10
  L_main11
  L_main12
  L_main13
  L_main14
  L_main15
  L_main16
  L_main17
  L_main18
  L_main19
  L_main20
  L_main21
  L_main22
  L_main23
  L_main24
  L_main25
  L_main26
  L_main27
  L_main28
  L_main29
  L_main30
  L_main31
  L_main32
  L_main33
  L_main34
  L_main35
  L_main36
  L_main37
  L_main38
  L_main39
  L_main40
  L_main41
  L_main42
  L_main43
  L__main44
  L_end_interrupt
  _interrupt
  L__interrupt46
  L_end_main
  _main
  L__main48
  L__main49
  L__main50
  L__main51
  L__main52
  L__main53
  L__main54
  L__main55
  L__main56
  L__main57
  L__main58
  L__main59
  L_loopCA2AWs
  L_CA2AWend
  _CCA2AW_Loop1
  L_loopCS2Ss
  L_CS2Send
  _CCS2S_Loop1
  L_CCS2Send
  L_loopFZinSWs
  L_FZinSend
  _CC2D_Loop1
  L_end_____DoICP
  _____DoICP
  L_end_____DoIFC
  _____DoIFC
  L_end___CA2AW
  ___CA2AW
  L_end___CCA2AW
  ___CCA2AW
  L_end___CS2S
  ___CS2S
  L_end___CCS2S
  ___CCS2S
  L_end___FZinS
  ___FZinS
  L_end___CC2DW
  ___CC2DW
  L_end_Swap
  _Swap
  L_interrupt0
  L_main1
  L_main2
  L_main3
  L_main4
  L_main5
  L_main6
  L_main7
  L_main8
  L_main9
  L_main10
  L_main11
  L_main12
  L_main13
  L_main14
  L_main15
  L_main16
  L_main17
  L_main18
  L_main19
  L_main20
  L_main21
  L_main22
  L_main23
  L_main24
  L_main25
  L_main26
  L_main27
  L_main28
  L_main29
  L_main30
  L_main31
  L_main32
  L_main33
  L_main34
  L_main35
  L_main36
  L_main37
  L_main38
  L_main39
  L_main40
  L_main41
  L_main42
  L_main43
  L__main44
  L_end_interrupt
  _interrupt
  L__interrupt46
  L_end_main
  _main
  L__main48
  L__main49
  L__main50
  L__main51
  L__main52
  L__main53
  L__main54
  L__main55
  L__main56
  L__main57
  L__main58
  L__main59
